Determining if the pthread_create exist failed with the following output:
Change Dir: /home/vr-lab/catkin_ws/src/robot_pose_ekf/cmake-build-debug/CMakeFiles/CMakeTmp

Run Build Command(s):/usr/bin/make cmTC_d60eb/fast 
/usr/bin/make -f CMakeFiles/cmTC_d60eb.dir/build.make CMakeFiles/cmTC_d60eb.dir/build
make[1]: Entering directory '/home/vr-lab/catkin_ws/src/robot_pose_ekf/cmake-build-debug/CMakeFiles/CMakeTmp'
Building C object CMakeFiles/cmTC_d60eb.dir/CheckSymbolExists.c.o
/usr/bin/cc    -o CMakeFiles/cmTC_d60eb.dir/CheckSymbolExists.c.o   -c /home/vr-lab/catkin_ws/src/robot_pose_ekf/cmake-build-debug/CMakeFiles/CMakeTmp/CheckSymbolExists.c
Linking C executable cmTC_d60eb
/home/vr-lab/Documents/clion-2018.3.1/bin/cmake/linux/bin/cmake -E cmake_link_script CMakeFiles/cmTC_d60eb.dir/link.txt --verbose=1
/usr/bin/cc      -rdynamic CMakeFiles/cmTC_d60eb.dir/CheckSymbolExists.c.o  -o cmTC_d60eb 
CMakeFiles/cmTC_d60eb.dir/CheckSymbolExists.c.o: In function `main':
CheckSymbolExists.c:(.text+0x16): undefined reference to `pthread_create'
collect2: error: ld returned 1 exit status
CMakeFiles/cmTC_d60eb.dir/build.make:86: recipe for target 'cmTC_d60eb' failed
make[1]: *** [cmTC_d60eb] Error 1
make[1]: Leaving directory '/home/vr-lab/catkin_ws/src/robot_pose_ekf/cmake-build-debug/CMakeFiles/CMakeTmp'
Makefile:121: recipe for target 'cmTC_d60eb/fast' failed
make: *** [cmTC_d60eb/fast] Error 2

File /home/vr-lab/catkin_ws/src/robot_pose_ekf/cmake-build-debug/CMakeFiles/CMakeTmp/CheckSymbolExists.c:
/* */
#include <pthread.h>

int main(int argc, char** argv)
{
  (void)argv;
#ifndef pthread_create
  return ((int*)(&pthread_create))[argc];
#else
  (void)argc;
  return 0;
#endif
}

Determining if the function pthread_create exists in the pthreads failed with the following output:
Change Dir: /home/vr-lab/catkin_ws/src/robot_pose_ekf/cmake-build-debug/CMakeFiles/CMakeTmp

Run Build Command(s):/usr/bin/make cmTC_82f9f/fast 
/usr/bin/make -f CMakeFiles/cmTC_82f9f.dir/build.make CMakeFiles/cmTC_82f9f.dir/build
make[1]: Entering directory '/home/vr-lab/catkin_ws/src/robot_pose_ekf/cmake-build-debug/CMakeFiles/CMakeTmp'
Building C object CMakeFiles/cmTC_82f9f.dir/CheckFunctionExists.c.o
/usr/bin/cc   -DCHECK_FUNCTION_EXISTS=pthread_create   -o CMakeFiles/cmTC_82f9f.dir/CheckFunctionExists.c.o   -c /home/vr-lab/Documents/clion-2018.3.1/bin/cmake/linux/share/cmake-3.14/Modules/CheckFunctionExists.c
Linking C executable cmTC_82f9f
/home/vr-lab/Documents/clion-2018.3.1/bin/cmake/linux/bin/cmake -E cmake_link_script CMakeFiles/cmTC_82f9f.dir/link.txt --verbose=1
/usr/bin/cc  -DCHECK_FUNCTION_EXISTS=pthread_create    -rdynamic CMakeFiles/cmTC_82f9f.dir/CheckFunctionExists.c.o  -o cmTC_82f9f -lpthreads 
/usr/bin/ld: cannot find -lpthreads
collect2: error: ld returned 1 exit status
CMakeFiles/cmTC_82f9f.dir/build.make:86: recipe for target 'cmTC_82f9f' failed
make[1]: *** [cmTC_82f9f] Error 1
make[1]: Leaving directory '/home/vr-lab/catkin_ws/src/robot_pose_ekf/cmake-build-debug/CMakeFiles/CMakeTmp'
Makefile:121: recipe for target 'cmTC_82f9f/fast' failed
make: *** [cmTC_82f9f/fast] Error 2


